State 0:
          program ::= * KWCLASS ID OPENCUR field_decl methods_field CLOSECUR

                       KWCLASS shift        111    
                       program accept

State 1:
          field_decl ::= field_decl * decl SEMICOLON
          decl ::= * type list_decl
          type ::= * KWINT
          type ::= * KWBOOL
          block ::= OPENCUR field_decl * statements CLOSECUR
          statements ::= * statements statement
          statements ::= * statement
     (28) statements ::= *
          statement ::= * assign SEMICOLON
          statement ::= * method_call SEMICOLON
          statement ::= * if_st
          statement ::= * while
          statement ::= * KWRETURN condition SEMICOLON
          statement ::= * KWRETURN SEMICOLON
          statement ::= * KWBREAK SEMICOLON
          statement ::= * KWCONTINUE SEMICOLON
          statement ::= * for_st
          assign ::= * lvalue OPASSIGN condition
          method_call ::= * ID OPENPAR exprs_list CLOSEPAR
          method_call ::= * SOP OPENPAR arguments CLOSEPAR
          method_call ::= * SOPLN OPENPAR arguments CLOSEPAR
          method_call ::= * SOR OPENPAR CLOSEPAR
          method_call ::= * RANDOM OPENPAR condition CLOSEPAR
          if_st ::= * KWIF OPENPAR condition CLOSEPAR block opt_else
          while ::= * KWWHILE OPENPAR condition CLOSEPAR block
          for_st ::= * KWFOR OPENPAR list_asignings SEMICOLON condition SEMICOLON list_asignings CLOSEPAR block
          lvalue ::= * ID
          lvalue ::= * ID OPENBRA condition CLOSEBRA

                            ID shift        68     
                            ID reduce       28      ** Parsing conflict **
                         KWINT shift-reduce 9      type ::= KWINT
                        KWBOOL shift-reduce 10     type ::= KWBOOL
                      KWRETURN shift        6      
                      KWRETURN reduce       28      ** Parsing conflict **
                       KWBREAK shift        85     
                       KWBREAK reduce       28      ** Parsing conflict **
                    KWCONTINUE shift        84     
                    KWCONTINUE reduce       28      ** Parsing conflict **
                           SOP shift        93     
                           SOP reduce       28      ** Parsing conflict **
                         SOPLN shift        92     
                         SOPLN reduce       28      ** Parsing conflict **
                           SOR shift        91     
                           SOR reduce       28      ** Parsing conflict **
                        RANDOM shift        89     
                        RANDOM reduce       28      ** Parsing conflict **
                          KWIF shift        82     
                          KWIF reduce       28      ** Parsing conflict **
                       KWWHILE shift        80     
                       KWWHILE reduce       28      ** Parsing conflict **
                         KWFOR shift        78     
                         KWFOR reduce       28      ** Parsing conflict **
                          decl shift        106    
                          type shift        51     
                    statements shift        15     
                     statement shift-reduce 27     statements ::= statement
                        assign shift        99     
                   method_call shift        98     
                         if_st shift-reduce 31     statement ::= if_st
                         while shift-reduce 32     statement ::= while
                        for_st shift-reduce 37     statement ::= for_st
                        lvalue shift        83     
                     {default} reduce       28     statements ::=

State 2:
          method_call ::= SOPLN OPENPAR * arguments CLOSEPAR
          arguments ::= * arguments COMMA argument
          arguments ::= * argument
          argument ::= * condition
          argument ::= * STRLIT
          condition ::= * logic_expr
          condition ::= * logic_expr AND logic_expr
          condition ::= * logic_expr OR logic_expr
          logic_expr ::= * bitwise MAYOR bitwise
          logic_expr ::= * bitwise MENOR bitwise
          logic_expr ::= * bitwise MAYORIGUAL bitwise
          logic_expr ::= * bitwise MENORIGUAL bitwise
          logic_expr ::= * bitwise IGUAL bitwise
          logic_expr ::= * bitwise DISTINTO bitwise
          logic_expr ::= * bitwise
          bitwise ::= * bitwise SHL mod
          bitwise ::= * bitwise SHR mod
          bitwise ::= * mod
          mod ::= * mod MOD aritexpr
          mod ::= * aritexpr
          aritexpr ::= * aritexpr SUMA term
          aritexpr ::= * aritexpr RESTA term
          aritexpr ::= * term
          term ::= * term MUL factor
          term ::= * term DIV factor
          term ::= * term MOD factor
          term ::= * factor
          unary ::= * RESTA
          unary ::= * NEGAR
     (84) unary ::= *
          factor ::= * unary constant
          factor ::= * unary lvalue
          factor ::= * unary method_call
          factor ::= * unary OPENPAR condition CLOSEPAR

                        STRLIT shift-reduce 57     argument ::= STRLIT
                         RESTA shift-reduce 82     unary ::= RESTA
                         NEGAR shift-reduce 83     unary ::= NEGAR
                     condition shift-reduce 56     argument ::= condition
                     arguments shift        64     
                      argument shift-reduce 55     arguments ::= argument
                    logic_expr shift        71     
                       bitwise shift        53     
                           mod shift        95     
                      aritexpr shift        66     
                          term shift        54     
                        factor shift-reduce 81     term ::= factor
                         unary shift        28     
                     {default} reduce       84     unary ::=

State 3:
          method_call ::= SOP OPENPAR * arguments CLOSEPAR
          arguments ::= * arguments COMMA argument
          arguments ::= * argument
          argument ::= * condition
          argument ::= * STRLIT
          condition ::= * logic_expr
          condition ::= * logic_expr AND logic_expr
          condition ::= * logic_expr OR logic_expr
          logic_expr ::= * bitwise MAYOR bitwise
          logic_expr ::= * bitwise MENOR bitwise
          logic_expr ::= * bitwise MAYORIGUAL bitwise
          logic_expr ::= * bitwise MENORIGUAL bitwise
          logic_expr ::= * bitwise IGUAL bitwise
          logic_expr ::= * bitwise DISTINTO bitwise
          logic_expr ::= * bitwise
          bitwise ::= * bitwise SHL mod
          bitwise ::= * bitwise SHR mod
          bitwise ::= * mod
          mod ::= * mod MOD aritexpr
          mod ::= * aritexpr
          aritexpr ::= * aritexpr SUMA term
          aritexpr ::= * aritexpr RESTA term
          aritexpr ::= * term
          term ::= * term MUL factor
          term ::= * term DIV factor
          term ::= * term MOD factor
          term ::= * factor
          unary ::= * RESTA
          unary ::= * NEGAR
     (84) unary ::= *
          factor ::= * unary constant
          factor ::= * unary lvalue
          factor ::= * unary method_call
          factor ::= * unary OPENPAR condition CLOSEPAR

                        STRLIT shift-reduce 57     argument ::= STRLIT
                         RESTA shift-reduce 82     unary ::= RESTA
                         NEGAR shift-reduce 83     unary ::= NEGAR
                     condition shift-reduce 56     argument ::= condition
                     arguments shift        65     
                      argument shift-reduce 55     arguments ::= argument
                    logic_expr shift        71     
                       bitwise shift        53     
                           mod shift        95     
                      aritexpr shift        66     
                          term shift        54     
                        factor shift-reduce 81     term ::= factor
                         unary shift        28     
                     {default} reduce       84     unary ::=

State 4:
          method_call ::= ID OPENPAR * exprs_list CLOSEPAR
          exprs_list ::= * exprs_list COMMA condition
          exprs_list ::= * condition
     (53) exprs_list ::= *
          condition ::= * logic_expr
          condition ::= * logic_expr AND logic_expr
          condition ::= * logic_expr OR logic_expr
          logic_expr ::= * bitwise MAYOR bitwise
          logic_expr ::= * bitwise MENOR bitwise
          logic_expr ::= * bitwise MAYORIGUAL bitwise
          logic_expr ::= * bitwise MENORIGUAL bitwise
          logic_expr ::= * bitwise IGUAL bitwise
          logic_expr ::= * bitwise DISTINTO bitwise
          logic_expr ::= * bitwise
          bitwise ::= * bitwise SHL mod
          bitwise ::= * bitwise SHR mod
          bitwise ::= * mod
          mod ::= * mod MOD aritexpr
          mod ::= * aritexpr
          aritexpr ::= * aritexpr SUMA term
          aritexpr ::= * aritexpr RESTA term
          aritexpr ::= * term
          term ::= * term MUL factor
          term ::= * term DIV factor
          term ::= * term MOD factor
          term ::= * factor
          unary ::= * RESTA
          unary ::= * NEGAR
     (84) unary ::= *
          factor ::= * unary constant
          factor ::= * unary lvalue
          factor ::= * unary method_call
          factor ::= * unary OPENPAR condition CLOSEPAR

                         COMMA reduce       53     exprs_list ::=
                      CLOSEPAR reduce       53     exprs_list ::=
                         RESTA shift-reduce 82     unary ::= RESTA
                         NEGAR shift-reduce 83     unary ::= NEGAR
                     condition shift-reduce 52     exprs_list ::= condition
                    exprs_list shift        67     
                    logic_expr shift        71     
                       bitwise shift        53     
                           mod shift        95     
                      aritexpr shift        66     
                          term shift        54     
                        factor shift-reduce 81     term ::= factor
                         unary shift        28     
                     {default} reduce       84     unary ::=

State 5:
          arguments ::= arguments COMMA * argument
          argument ::= * condition
          argument ::= * STRLIT
          condition ::= * logic_expr
          condition ::= * logic_expr AND logic_expr
          condition ::= * logic_expr OR logic_expr
          logic_expr ::= * bitwise MAYOR bitwise
          logic_expr ::= * bitwise MENOR bitwise
          logic_expr ::= * bitwise MAYORIGUAL bitwise
          logic_expr ::= * bitwise MENORIGUAL bitwise
          logic_expr ::= * bitwise IGUAL bitwise
          logic_expr ::= * bitwise DISTINTO bitwise
          logic_expr ::= * bitwise
          bitwise ::= * bitwise SHL mod
          bitwise ::= * bitwise SHR mod
          bitwise ::= * mod
          mod ::= * mod MOD aritexpr
          mod ::= * aritexpr
          aritexpr ::= * aritexpr SUMA term
          aritexpr ::= * aritexpr RESTA term
          aritexpr ::= * term
          term ::= * term MUL factor
          term ::= * term DIV factor
          term ::= * term MOD factor
          term ::= * factor
          unary ::= * RESTA
          unary ::= * NEGAR
     (84) unary ::= *
          factor ::= * unary constant
          factor ::= * unary lvalue
          factor ::= * unary method_call
          factor ::= * unary OPENPAR condition CLOSEPAR

                        STRLIT shift-reduce 57     argument ::= STRLIT
                         RESTA shift-reduce 82     unary ::= RESTA
                         NEGAR shift-reduce 83     unary ::= NEGAR
                     condition shift-reduce 56     argument ::= condition
                      argument shift-reduce 54     arguments ::= arguments COMMA argument
                    logic_expr shift        71     
                       bitwise shift        53     
                           mod shift        95     
                      aritexpr shift        66     
                          term shift        54     
                        factor shift-reduce 81     term ::= factor
                         unary shift        28     
                     {default} reduce       84     unary ::=

State 6:
          statement ::= KWRETURN * condition SEMICOLON
          statement ::= KWRETURN * SEMICOLON
          condition ::= * logic_expr
          condition ::= * logic_expr AND logic_expr
          condition ::= * logic_expr OR logic_expr
          logic_expr ::= * bitwise MAYOR bitwise
          logic_expr ::= * bitwise MENOR bitwise
          logic_expr ::= * bitwise MAYORIGUAL bitwise
          logic_expr ::= * bitwise MENORIGUAL bitwise
          logic_expr ::= * bitwise IGUAL bitwise
          logic_expr ::= * bitwise DISTINTO bitwise
          logic_expr ::= * bitwise
          bitwise ::= * bitwise SHL mod
          bitwise ::= * bitwise SHR mod
          bitwise ::= * mod
          mod ::= * mod MOD aritexpr
          mod ::= * aritexpr
          aritexpr ::= * aritexpr SUMA term
          aritexpr ::= * aritexpr RESTA term
          aritexpr ::= * term
          term ::= * term MUL factor
          term ::= * term DIV factor
          term ::= * term MOD factor
          term ::= * factor
          unary ::= * RESTA
          unary ::= * NEGAR
     (84) unary ::= *
          factor ::= * unary constant
          factor ::= * unary lvalue
          factor ::= * unary method_call
          factor ::= * unary OPENPAR condition CLOSEPAR

                     SEMICOLON shift-reduce 34     statement ::= KWRETURN SEMICOLON
                         RESTA shift-reduce 82     unary ::= RESTA
                         NEGAR shift-reduce 83     unary ::= NEGAR
                     condition shift        97     
                    logic_expr shift        71     
                       bitwise shift        53     
                           mod shift        95     
                      aritexpr shift        66     
                          term shift        54     
                        factor shift-reduce 81     term ::= factor
                         unary shift        28     
                     {default} reduce       84     unary ::=

State 7:
          for_st ::= KWFOR OPENPAR list_asignings SEMICOLON * condition SEMICOLON list_asignings CLOSEPAR block
          condition ::= * logic_expr
          condition ::= * logic_expr AND logic_expr
          condition ::= * logic_expr OR logic_expr
          logic_expr ::= * bitwise MAYOR bitwise
          logic_expr ::= * bitwise MENOR bitwise
          logic_expr ::= * bitwise MAYORIGUAL bitwise
          logic_expr ::= * bitwise MENORIGUAL bitwise
          logic_expr ::= * bitwise IGUAL bitwise
          logic_expr ::= * bitwise DISTINTO bitwise
          logic_expr ::= * bitwise
          bitwise ::= * bitwise SHL mod
          bitwise ::= * bitwise SHR mod
          bitwise ::= * mod
          mod ::= * mod MOD aritexpr
          mod ::= * aritexpr
          aritexpr ::= * aritexpr SUMA term
          aritexpr ::= * aritexpr RESTA term
          aritexpr ::= * term
          term ::= * term MUL factor
          term ::= * term DIV factor
          term ::= * term MOD factor
          term ::= * factor
          unary ::= * RESTA
          unary ::= * NEGAR
     (84) unary ::= *
          factor ::= * unary constant
          factor ::= * unary lvalue
          factor ::= * unary method_call
          factor ::= * unary OPENPAR condition CLOSEPAR

                         RESTA shift-reduce 82     unary ::= RESTA
                         NEGAR shift-reduce 83     unary ::= NEGAR
                     condition shift        77     
                    logic_expr shift        71     
                       bitwise shift        53     
                           mod shift        95     
                      aritexpr shift        66     
                          term shift        54     
                        factor shift-reduce 81     term ::= factor
                         unary shift        28     
                     {default} reduce       84     unary ::=

State 8:
          while ::= KWWHILE OPENPAR * condition CLOSEPAR block
          condition ::= * logic_expr
          condition ::= * logic_expr AND logic_expr
          condition ::= * logic_expr OR logic_expr
          logic_expr ::= * bitwise MAYOR bitwise
          logic_expr ::= * bitwise MENOR bitwise
          logic_expr ::= * bitwise MAYORIGUAL bitwise
          logic_expr ::= * bitwise MENORIGUAL bitwise
          logic_expr ::= * bitwise IGUAL bitwise
          logic_expr ::= * bitwise DISTINTO bitwise
          logic_expr ::= * bitwise
          bitwise ::= * bitwise SHL mod
          bitwise ::= * bitwise SHR mod
          bitwise ::= * mod
          mod ::= * mod MOD aritexpr
          mod ::= * aritexpr
          aritexpr ::= * aritexpr SUMA term
          aritexpr ::= * aritexpr RESTA term
          aritexpr ::= * term
          term ::= * term MUL factor
          term ::= * term DIV factor
          term ::= * term MOD factor
          term ::= * factor
          unary ::= * RESTA
          unary ::= * NEGAR
     (84) unary ::= *
          factor ::= * unary constant
          factor ::= * unary lvalue
          factor ::= * unary method_call
          factor ::= * unary OPENPAR condition CLOSEPAR

                         RESTA shift-reduce 82     unary ::= RESTA
                         NEGAR shift-reduce 83     unary ::= NEGAR
                     condition shift        79     
                    logic_expr shift        71     
                       bitwise shift        53     
                           mod shift        95     
                      aritexpr shift        66     
                          term shift        54     
                        factor shift-reduce 81     term ::= factor
                         unary shift        28     
                     {default} reduce       84     unary ::=

State 9:
          if_st ::= KWIF OPENPAR * condition CLOSEPAR block opt_else
          condition ::= * logic_expr
          condition ::= * logic_expr AND logic_expr
          condition ::= * logic_expr OR logic_expr
          logic_expr ::= * bitwise MAYOR bitwise
          logic_expr ::= * bitwise MENOR bitwise
          logic_expr ::= * bitwise MAYORIGUAL bitwise
          logic_expr ::= * bitwise MENORIGUAL bitwise
          logic_expr ::= * bitwise IGUAL bitwise
          logic_expr ::= * bitwise DISTINTO bitwise
          logic_expr ::= * bitwise
          bitwise ::= * bitwise SHL mod
          bitwise ::= * bitwise SHR mod
          bitwise ::= * mod
          mod ::= * mod MOD aritexpr
          mod ::= * aritexpr
          aritexpr ::= * aritexpr SUMA term
          aritexpr ::= * aritexpr RESTA term
          aritexpr ::= * term
          term ::= * term MUL factor
          term ::= * term DIV factor
          term ::= * term MOD factor
          term ::= * factor
          unary ::= * RESTA
          unary ::= * NEGAR
     (84) unary ::= *
          factor ::= * unary constant
          factor ::= * unary lvalue
          factor ::= * unary method_call
          factor ::= * unary OPENPAR condition CLOSEPAR

                         RESTA shift-reduce 82     unary ::= RESTA
                         NEGAR shift-reduce 83     unary ::= NEGAR
                     condition shift        81     
                    logic_expr shift        71     
                       bitwise shift        53     
                           mod shift        95     
                      aritexpr shift        66     
                          term shift        54     
                        factor shift-reduce 81     term ::= factor
                         unary shift        28     
                     {default} reduce       84     unary ::=

State 10:
          assign ::= lvalue OPASSIGN * condition
          condition ::= * logic_expr
          condition ::= * logic_expr AND logic_expr
          condition ::= * logic_expr OR logic_expr
          logic_expr ::= * bitwise MAYOR bitwise
          logic_expr ::= * bitwise MENOR bitwise
          logic_expr ::= * bitwise MAYORIGUAL bitwise
          logic_expr ::= * bitwise MENORIGUAL bitwise
          logic_expr ::= * bitwise IGUAL bitwise
          logic_expr ::= * bitwise DISTINTO bitwise
          logic_expr ::= * bitwise
          bitwise ::= * bitwise SHL mod
          bitwise ::= * bitwise SHR mod
          bitwise ::= * mod
          mod ::= * mod MOD aritexpr
          mod ::= * aritexpr
          aritexpr ::= * aritexpr SUMA term
          aritexpr ::= * aritexpr RESTA term
          aritexpr ::= * term
          term ::= * term MUL factor
          term ::= * term DIV factor
          term ::= * term MOD factor
          term ::= * factor
          unary ::= * RESTA
          unary ::= * NEGAR
     (84) unary ::= *
          factor ::= * unary constant
          factor ::= * unary lvalue
          factor ::= * unary method_call
          factor ::= * unary OPENPAR condition CLOSEPAR

                         RESTA shift-reduce 82     unary ::= RESTA
                         NEGAR shift-reduce 83     unary ::= NEGAR
                     condition shift-reduce 38     assign ::= lvalue OPASSIGN condition
                    logic_expr shift        71     
                       bitwise shift        53     
                           mod shift        95     
                      aritexpr shift        66     
                          term shift        54     
                        factor shift-reduce 81     term ::= factor
                         unary shift        28     
                     {default} reduce       84     unary ::=

State 11:
          condition ::= * logic_expr
          condition ::= * logic_expr AND logic_expr
          condition ::= * logic_expr OR logic_expr
          logic_expr ::= * bitwise MAYOR bitwise
          logic_expr ::= * bitwise MENOR bitwise
          logic_expr ::= * bitwise MAYORIGUAL bitwise
          logic_expr ::= * bitwise MENORIGUAL bitwise
          logic_expr ::= * bitwise IGUAL bitwise
          logic_expr ::= * bitwise DISTINTO bitwise
          logic_expr ::= * bitwise
          bitwise ::= * bitwise SHL mod
          bitwise ::= * bitwise SHR mod
          bitwise ::= * mod
          mod ::= * mod MOD aritexpr
          mod ::= * aritexpr
          aritexpr ::= * aritexpr SUMA term
          aritexpr ::= * aritexpr RESTA term
          aritexpr ::= * term
          term ::= * term MUL factor
          term ::= * term DIV factor
          term ::= * term MOD factor
          term ::= * factor
          unary ::= * RESTA
          unary ::= * NEGAR
     (84) unary ::= *
          factor ::= * unary constant
          factor ::= * unary lvalue
          factor ::= * unary method_call
          factor ::= * unary OPENPAR condition CLOSEPAR
          factor ::= unary OPENPAR * condition CLOSEPAR

                         RESTA shift-reduce 82     unary ::= RESTA
                         NEGAR shift-reduce 83     unary ::= NEGAR
                     condition shift        87     
                    logic_expr shift        71     
                       bitwise shift        53     
                           mod shift        95     
                      aritexpr shift        66     
                          term shift        54     
                        factor shift-reduce 81     term ::= factor
                         unary shift        28     
                     {default} reduce       84     unary ::=

State 12:
          method_call ::= RANDOM OPENPAR * condition CLOSEPAR
          condition ::= * logic_expr
          condition ::= * logic_expr AND logic_expr
          condition ::= * logic_expr OR logic_expr
          logic_expr ::= * bitwise MAYOR bitwise
          logic_expr ::= * bitwise MENOR bitwise
          logic_expr ::= * bitwise MAYORIGUAL bitwise
          logic_expr ::= * bitwise MENORIGUAL bitwise
          logic_expr ::= * bitwise IGUAL bitwise
          logic_expr ::= * bitwise DISTINTO bitwise
          logic_expr ::= * bitwise
          bitwise ::= * bitwise SHL mod
          bitwise ::= * bitwise SHR mod
          bitwise ::= * mod
          mod ::= * mod MOD aritexpr
          mod ::= * aritexpr
          aritexpr ::= * aritexpr SUMA term
          aritexpr ::= * aritexpr RESTA term
          aritexpr ::= * term
          term ::= * term MUL factor
          term ::= * term DIV factor
          term ::= * term MOD factor
          term ::= * factor
          unary ::= * RESTA
          unary ::= * NEGAR
     (84) unary ::= *
          factor ::= * unary constant
          factor ::= * unary lvalue
          factor ::= * unary method_call
          factor ::= * unary OPENPAR condition CLOSEPAR

                         RESTA shift-reduce 82     unary ::= RESTA
                         NEGAR shift-reduce 83     unary ::= NEGAR
                     condition shift        88     
                    logic_expr shift        71     
                       bitwise shift        53     
                           mod shift        95     
                      aritexpr shift        66     
                          term shift        54     
                        factor shift-reduce 81     term ::= factor
                         unary shift        28     
                     {default} reduce       84     unary ::=

State 13:
          lvalue ::= ID OPENBRA * condition CLOSEBRA
          condition ::= * logic_expr
          condition ::= * logic_expr AND logic_expr
          condition ::= * logic_expr OR logic_expr
          logic_expr ::= * bitwise MAYOR bitwise
          logic_expr ::= * bitwise MENOR bitwise
          logic_expr ::= * bitwise MAYORIGUAL bitwise
          logic_expr ::= * bitwise MENORIGUAL bitwise
          logic_expr ::= * bitwise IGUAL bitwise
          logic_expr ::= * bitwise DISTINTO bitwise
          logic_expr ::= * bitwise
          bitwise ::= * bitwise SHL mod
          bitwise ::= * bitwise SHR mod
          bitwise ::= * mod
          mod ::= * mod MOD aritexpr
          mod ::= * aritexpr
          aritexpr ::= * aritexpr SUMA term
          aritexpr ::= * aritexpr RESTA term
          aritexpr ::= * term
          term ::= * term MUL factor
          term ::= * term DIV factor
          term ::= * term MOD factor
          term ::= * factor
          unary ::= * RESTA
          unary ::= * NEGAR
     (84) unary ::= *
          factor ::= * unary constant
          factor ::= * unary lvalue
          factor ::= * unary method_call
          factor ::= * unary OPENPAR condition CLOSEPAR

                         RESTA shift-reduce 82     unary ::= RESTA
                         NEGAR shift-reduce 83     unary ::= NEGAR
                     condition shift        94     
                    logic_expr shift        71     
                       bitwise shift        53     
                           mod shift        95     
                      aritexpr shift        66     
                          term shift        54     
                        factor shift-reduce 81     term ::= factor
                         unary shift        28     
                     {default} reduce       84     unary ::=

State 14:
          exprs_list ::= exprs_list COMMA * condition
          condition ::= * logic_expr
          condition ::= * logic_expr AND logic_expr
          condition ::= * logic_expr OR logic_expr
          logic_expr ::= * bitwise MAYOR bitwise
          logic_expr ::= * bitwise MENOR bitwise
          logic_expr ::= * bitwise MAYORIGUAL bitwise
          logic_expr ::= * bitwise MENORIGUAL bitwise
          logic_expr ::= * bitwise IGUAL bitwise
          logic_expr ::= * bitwise DISTINTO bitwise
          logic_expr ::= * bitwise
          bitwise ::= * bitwise SHL mod
          bitwise ::= * bitwise SHR mod
          bitwise ::= * mod
          mod ::= * mod MOD aritexpr
          mod ::= * aritexpr
          aritexpr ::= * aritexpr SUMA term
          aritexpr ::= * aritexpr RESTA term
          aritexpr ::= * term
          term ::= * term MUL factor
          term ::= * term DIV factor
          term ::= * term MOD factor
          term ::= * factor
          unary ::= * RESTA
          unary ::= * NEGAR
     (84) unary ::= *
          factor ::= * unary constant
          factor ::= * unary lvalue
          factor ::= * unary method_call
          factor ::= * unary OPENPAR condition CLOSEPAR

                         RESTA shift-reduce 82     unary ::= RESTA
                         NEGAR shift-reduce 83     unary ::= NEGAR
                     condition shift-reduce 51     exprs_list ::= exprs_list COMMA condition
                    logic_expr shift        71     
                       bitwise shift        53     
                           mod shift        95     
                      aritexpr shift        66     
                          term shift        54     
                        factor shift-reduce 81     term ::= factor
                         unary shift        28     
                     {default} reduce       84     unary ::=

State 15:
          block ::= OPENCUR field_decl statements * CLOSECUR
          statements ::= statements * statement
          statement ::= * assign SEMICOLON
          statement ::= * method_call SEMICOLON
          statement ::= * if_st
          statement ::= * while
          statement ::= * KWRETURN condition SEMICOLON
          statement ::= * KWRETURN SEMICOLON
          statement ::= * KWBREAK SEMICOLON
          statement ::= * KWCONTINUE SEMICOLON
          statement ::= * for_st
          assign ::= * lvalue OPASSIGN condition
          method_call ::= * ID OPENPAR exprs_list CLOSEPAR
          method_call ::= * SOP OPENPAR arguments CLOSEPAR
          method_call ::= * SOPLN OPENPAR arguments CLOSEPAR
          method_call ::= * SOR OPENPAR CLOSEPAR
          method_call ::= * RANDOM OPENPAR condition CLOSEPAR
          if_st ::= * KWIF OPENPAR condition CLOSEPAR block opt_else
          while ::= * KWWHILE OPENPAR condition CLOSEPAR block
          for_st ::= * KWFOR OPENPAR list_asignings SEMICOLON condition SEMICOLON list_asignings CLOSEPAR block
          lvalue ::= * ID
          lvalue ::= * ID OPENBRA condition CLOSEBRA

                            ID shift        68     
                      CLOSECUR shift-reduce 25     block ::= OPENCUR field_decl statements CLOSECUR
                      KWRETURN shift        6      
                       KWBREAK shift        85     
                    KWCONTINUE shift        84     
                           SOP shift        93     
                         SOPLN shift        92     
                           SOR shift        91     
                        RANDOM shift        89     
                          KWIF shift        82     
                       KWWHILE shift        80     
                         KWFOR shift        78     
                     statement shift-reduce 26     statements ::= statements statement
                        assign shift        99     
                   method_call shift        98     
                         if_st shift-reduce 31     statement ::= if_st
                         while shift-reduce 32     statement ::= while
                        for_st shift-reduce 37     statement ::= for_st
                        lvalue shift        83     

State 16:
          condition ::= logic_expr OR * logic_expr
          logic_expr ::= * bitwise MAYOR bitwise
          logic_expr ::= * bitwise MENOR bitwise
          logic_expr ::= * bitwise MAYORIGUAL bitwise
          logic_expr ::= * bitwise MENORIGUAL bitwise
          logic_expr ::= * bitwise IGUAL bitwise
          logic_expr ::= * bitwise DISTINTO bitwise
          logic_expr ::= * bitwise
          bitwise ::= * bitwise SHL mod
          bitwise ::= * bitwise SHR mod
          bitwise ::= * mod
          mod ::= * mod MOD aritexpr
          mod ::= * aritexpr
          aritexpr ::= * aritexpr SUMA term
          aritexpr ::= * aritexpr RESTA term
          aritexpr ::= * term
          term ::= * term MUL factor
          term ::= * term DIV factor
          term ::= * term MOD factor
          term ::= * factor
          unary ::= * RESTA
          unary ::= * NEGAR
     (84) unary ::= *
          factor ::= * unary constant
          factor ::= * unary lvalue
          factor ::= * unary method_call
          factor ::= * unary OPENPAR condition CLOSEPAR

                         RESTA shift-reduce 82     unary ::= RESTA
                         NEGAR shift-reduce 83     unary ::= NEGAR
                    logic_expr shift-reduce 62     condition ::= logic_expr OR logic_expr
                       bitwise shift        53     
                           mod shift        95     
                      aritexpr shift        66     
                          term shift        54     
                        factor shift-reduce 81     term ::= factor
                         unary shift        28     
                     {default} reduce       84     unary ::=

State 17:
          condition ::= logic_expr AND * logic_expr
          logic_expr ::= * bitwise MAYOR bitwise
          logic_expr ::= * bitwise MENOR bitwise
          logic_expr ::= * bitwise MAYORIGUAL bitwise
          logic_expr ::= * bitwise MENORIGUAL bitwise
          logic_expr ::= * bitwise IGUAL bitwise
          logic_expr ::= * bitwise DISTINTO bitwise
          logic_expr ::= * bitwise
          bitwise ::= * bitwise SHL mod
          bitwise ::= * bitwise SHR mod
          bitwise ::= * mod
          mod ::= * mod MOD aritexpr
          mod ::= * aritexpr
          aritexpr ::= * aritexpr SUMA term
          aritexpr ::= * aritexpr RESTA term
          aritexpr ::= * term
          term ::= * term MUL factor
          term ::= * term DIV factor
          term ::= * term MOD factor
          term ::= * factor
          unary ::= * RESTA
          unary ::= * NEGAR
     (84) unary ::= *
          factor ::= * unary constant
          factor ::= * unary lvalue
          factor ::= * unary method_call
          factor ::= * unary OPENPAR condition CLOSEPAR

                         RESTA shift-reduce 82     unary ::= RESTA
                         NEGAR shift-reduce 83     unary ::= NEGAR
                    logic_expr shift-reduce 61     condition ::= logic_expr AND logic_expr
                       bitwise shift        53     
                           mod shift        95     
                      aritexpr shift        66     
                          term shift        54     
                        factor shift-reduce 81     term ::= factor
                         unary shift        28     
                     {default} reduce       84     unary ::=

State 18:
          logic_expr ::= bitwise DISTINTO * bitwise
          bitwise ::= * bitwise SHL mod
          bitwise ::= * bitwise SHR mod
          bitwise ::= * mod
          mod ::= * mod MOD aritexpr
          mod ::= * aritexpr
          aritexpr ::= * aritexpr SUMA term
          aritexpr ::= * aritexpr RESTA term
          aritexpr ::= * term
          term ::= * term MUL factor
          term ::= * term DIV factor
          term ::= * term MOD factor
          term ::= * factor
          unary ::= * RESTA
          unary ::= * NEGAR
     (84) unary ::= *
          factor ::= * unary constant
          factor ::= * unary lvalue
          factor ::= * unary method_call
          factor ::= * unary OPENPAR condition CLOSEPAR

                         RESTA shift-reduce 82     unary ::= RESTA
                         NEGAR shift-reduce 83     unary ::= NEGAR
                       bitwise shift        59     
                           mod shift        95     
                      aritexpr shift        66     
                          term shift        54     
                        factor shift-reduce 81     term ::= factor
                         unary shift        28     
                     {default} reduce       84     unary ::=

State 19:
          logic_expr ::= bitwise IGUAL * bitwise
          bitwise ::= * bitwise SHL mod
          bitwise ::= * bitwise SHR mod
          bitwise ::= * mod
          mod ::= * mod MOD aritexpr
          mod ::= * aritexpr
          aritexpr ::= * aritexpr SUMA term
          aritexpr ::= * aritexpr RESTA term
          aritexpr ::= * term
          term ::= * term MUL factor
          term ::= * term DIV factor
          term ::= * term MOD factor
          term ::= * factor
          unary ::= * RESTA
          unary ::= * NEGAR
     (84) unary ::= *
          factor ::= * unary constant
          factor ::= * unary lvalue
          factor ::= * unary method_call
          factor ::= * unary OPENPAR condition CLOSEPAR

                         RESTA shift-reduce 82     unary ::= RESTA
                         NEGAR shift-reduce 83     unary ::= NEGAR
                       bitwise shift        60     
                           mod shift        95     
                      aritexpr shift        66     
                          term shift        54     
                        factor shift-reduce 81     term ::= factor
                         unary shift        28     
                     {default} reduce       84     unary ::=

State 20:
          logic_expr ::= bitwise MENORIGUAL * bitwise
          bitwise ::= * bitwise SHL mod
          bitwise ::= * bitwise SHR mod
          bitwise ::= * mod
          mod ::= * mod MOD aritexpr
          mod ::= * aritexpr
          aritexpr ::= * aritexpr SUMA term
          aritexpr ::= * aritexpr RESTA term
          aritexpr ::= * term
          term ::= * term MUL factor
          term ::= * term DIV factor
          term ::= * term MOD factor
          term ::= * factor
          unary ::= * RESTA
          unary ::= * NEGAR
     (84) unary ::= *
          factor ::= * unary constant
          factor ::= * unary lvalue
          factor ::= * unary method_call
          factor ::= * unary OPENPAR condition CLOSEPAR

                         RESTA shift-reduce 82     unary ::= RESTA
                         NEGAR shift-reduce 83     unary ::= NEGAR
                       bitwise shift        61     
                           mod shift        95     
                      aritexpr shift        66     
                          term shift        54     
                        factor shift-reduce 81     term ::= factor
                         unary shift        28     
                     {default} reduce       84     unary ::=

State 21:
          logic_expr ::= bitwise MAYORIGUAL * bitwise
          bitwise ::= * bitwise SHL mod
          bitwise ::= * bitwise SHR mod
          bitwise ::= * mod
          mod ::= * mod MOD aritexpr
          mod ::= * aritexpr
          aritexpr ::= * aritexpr SUMA term
          aritexpr ::= * aritexpr RESTA term
          aritexpr ::= * term
          term ::= * term MUL factor
          term ::= * term DIV factor
          term ::= * term MOD factor
          term ::= * factor
          unary ::= * RESTA
          unary ::= * NEGAR
     (84) unary ::= *
          factor ::= * unary constant
          factor ::= * unary lvalue
          factor ::= * unary method_call
          factor ::= * unary OPENPAR condition CLOSEPAR

                         RESTA shift-reduce 82     unary ::= RESTA
                         NEGAR shift-reduce 83     unary ::= NEGAR
                       bitwise shift        62     
                           mod shift        95     
                      aritexpr shift        66     
                          term shift        54     
                        factor shift-reduce 81     term ::= factor
                         unary shift        28     
                     {default} reduce       84     unary ::=

State 22:
          logic_expr ::= bitwise MENOR * bitwise
          bitwise ::= * bitwise SHL mod
          bitwise ::= * bitwise SHR mod
          bitwise ::= * mod
          mod ::= * mod MOD aritexpr
          mod ::= * aritexpr
          aritexpr ::= * aritexpr SUMA term
          aritexpr ::= * aritexpr RESTA term
          aritexpr ::= * term
          term ::= * term MUL factor
          term ::= * term DIV factor
          term ::= * term MOD factor
          term ::= * factor
          unary ::= * RESTA
          unary ::= * NEGAR
     (84) unary ::= *
          factor ::= * unary constant
          factor ::= * unary lvalue
          factor ::= * unary method_call
          factor ::= * unary OPENPAR condition CLOSEPAR

                         RESTA shift-reduce 82     unary ::= RESTA
                         NEGAR shift-reduce 83     unary ::= NEGAR
                       bitwise shift        63     
                           mod shift        95     
                      aritexpr shift        66     
                          term shift        54     
                        factor shift-reduce 81     term ::= factor
                         unary shift        28     
                     {default} reduce       84     unary ::=

State 23:
          logic_expr ::= bitwise MAYOR * bitwise
          bitwise ::= * bitwise SHL mod
          bitwise ::= * bitwise SHR mod
          bitwise ::= * mod
          mod ::= * mod MOD aritexpr
          mod ::= * aritexpr
          aritexpr ::= * aritexpr SUMA term
          aritexpr ::= * aritexpr RESTA term
          aritexpr ::= * term
          term ::= * term MUL factor
          term ::= * term DIV factor
          term ::= * term MOD factor
          term ::= * factor
          unary ::= * RESTA
          unary ::= * NEGAR
     (84) unary ::= *
          factor ::= * unary constant
          factor ::= * unary lvalue
          factor ::= * unary method_call
          factor ::= * unary OPENPAR condition CLOSEPAR

                         RESTA shift-reduce 82     unary ::= RESTA
                         NEGAR shift-reduce 83     unary ::= NEGAR
                       bitwise shift        70     
                           mod shift        95     
                      aritexpr shift        66     
                          term shift        54     
                        factor shift-reduce 81     term ::= factor
                         unary shift        28     
                     {default} reduce       84     unary ::=

State 24:
          program ::= KWCLASS ID OPENCUR field_decl * methods_field CLOSECUR
          field_decl ::= field_decl * decl SEMICOLON
          decl ::= * type list_decl
          type ::= * KWINT
          type ::= * KWBOOL
          methods_field ::= * methods_field sub_program
          methods_field ::= * sub_program
     (18) methods_field ::= *
          sub_program ::= * method_type ID OPENPAR params CLOSEPAR block
          method_type ::= * type
          method_type ::= * KWVOID

                         KWINT shift-reduce 9      type ::= KWINT
                         KWINT reduce       18      ** Parsing conflict **
                        KWBOOL shift-reduce 10     type ::= KWBOOL
                        KWBOOL reduce       18      ** Parsing conflict **
                        KWVOID shift-reduce 21     method_type ::= KWVOID
                        KWVOID reduce       18      ** Parsing conflict **
                 methods_field shift        29     
                          decl shift        106    
                          type shift        45     
                   sub_program shift-reduce 17     methods_field ::= sub_program
                   method_type shift        108    
                     {default} reduce       18     methods_field ::=

State 25:
          bitwise ::= bitwise SHR * mod
          mod ::= * mod MOD aritexpr
          mod ::= * aritexpr
          aritexpr ::= * aritexpr SUMA term
          aritexpr ::= * aritexpr RESTA term
          aritexpr ::= * term
          term ::= * term MUL factor
          term ::= * term DIV factor
          term ::= * term MOD factor
          term ::= * factor
          unary ::= * RESTA
          unary ::= * NEGAR
     (84) unary ::= *
          factor ::= * unary constant
          factor ::= * unary lvalue
          factor ::= * unary method_call
          factor ::= * unary OPENPAR condition CLOSEPAR

                         RESTA shift-reduce 82     unary ::= RESTA
                         NEGAR shift-reduce 83     unary ::= NEGAR
                           mod shift        86     
                      aritexpr shift        66     
                          term shift        54     
                        factor shift-reduce 81     term ::= factor
                         unary shift        28     
                     {default} reduce       84     unary ::=

State 26:
          bitwise ::= bitwise SHL * mod
          mod ::= * mod MOD aritexpr
          mod ::= * aritexpr
          aritexpr ::= * aritexpr SUMA term
          aritexpr ::= * aritexpr RESTA term
          aritexpr ::= * term
          term ::= * term MUL factor
          term ::= * term DIV factor
          term ::= * term MOD factor
          term ::= * factor
          unary ::= * RESTA
          unary ::= * NEGAR
     (84) unary ::= *
          factor ::= * unary constant
          factor ::= * unary lvalue
          factor ::= * unary method_call
          factor ::= * unary OPENPAR condition CLOSEPAR

                         RESTA shift-reduce 82     unary ::= RESTA
                         NEGAR shift-reduce 83     unary ::= NEGAR
                           mod shift        96     
                      aritexpr shift        66     
                          term shift        54     
                        factor shift-reduce 81     term ::= factor
                         unary shift        28     
                     {default} reduce       84     unary ::=

State 27:
          mod ::= mod MOD * aritexpr
          aritexpr ::= * aritexpr SUMA term
          aritexpr ::= * aritexpr RESTA term
          aritexpr ::= * term
          term ::= * term MUL factor
          term ::= * term DIV factor
          term ::= * term MOD factor
          term ::= * factor
          unary ::= * RESTA
          unary ::= * NEGAR
     (84) unary ::= *
          factor ::= * unary constant
          factor ::= * unary lvalue
          factor ::= * unary method_call
          factor ::= * unary OPENPAR condition CLOSEPAR

                         RESTA shift-reduce 82     unary ::= RESTA
                         NEGAR shift-reduce 83     unary ::= NEGAR
                      aritexpr shift        69     
                          term shift        54     
                        factor shift-reduce 81     term ::= factor
                         unary shift        28     
                     {default} reduce       84     unary ::=

State 28:
          constant ::= * NUMBER
          constant ::= * KWTRUE
          constant ::= * KWFALSE
          method_call ::= * ID OPENPAR exprs_list CLOSEPAR
          method_call ::= * SOP OPENPAR arguments CLOSEPAR
          method_call ::= * SOPLN OPENPAR arguments CLOSEPAR
          method_call ::= * SOR OPENPAR CLOSEPAR
          method_call ::= * RANDOM OPENPAR condition CLOSEPAR
          lvalue ::= * ID
          lvalue ::= * ID OPENBRA condition CLOSEBRA
          factor ::= unary * constant
          factor ::= unary * lvalue
          factor ::= unary * method_call
          factor ::= unary * OPENPAR condition CLOSEPAR

                            ID shift        68     
                        NUMBER shift-reduce 13     constant ::= NUMBER
                        KWTRUE shift-reduce 14     constant ::= KWTRUE
                       KWFALSE shift-reduce 15     constant ::= KWFALSE
                       OPENPAR shift        11     
                           SOP shift        93     
                         SOPLN shift        92     
                           SOR shift        91     
                        RANDOM shift        89     
                      constant shift-reduce 85     factor ::= unary constant
                   method_call shift-reduce 87     factor ::= unary method_call
                        lvalue shift-reduce 86     factor ::= unary lvalue

State 29:
          program ::= KWCLASS ID OPENCUR field_decl methods_field * CLOSECUR
          type ::= * KWINT
          type ::= * KWBOOL
          methods_field ::= methods_field * sub_program
          sub_program ::= * method_type ID OPENPAR params CLOSEPAR block
          method_type ::= * type
          method_type ::= * KWVOID

                      CLOSECUR shift        109    
                         KWINT shift-reduce 9      type ::= KWINT
                        KWBOOL shift-reduce 10     type ::= KWBOOL
                        KWVOID shift-reduce 21     method_type ::= KWVOID
                          type shift-reduce 20     method_type ::= type
                   sub_program shift-reduce 16     methods_field ::= methods_field sub_program
                   method_type shift        108    

State 30:
          aritexpr ::= aritexpr RESTA * term
          term ::= * term MUL factor
          term ::= * term DIV factor
          term ::= * term MOD factor
          term ::= * factor
          unary ::= * RESTA
          unary ::= * NEGAR
     (84) unary ::= *
          factor ::= * unary constant
          factor ::= * unary lvalue
          factor ::= * unary method_call
          factor ::= * unary OPENPAR condition CLOSEPAR

                         RESTA shift-reduce 82     unary ::= RESTA
                         NEGAR shift-reduce 83     unary ::= NEGAR
                          term shift        55     
                        factor shift-reduce 81     term ::= factor
                         unary shift        28     
                     {default} reduce       84     unary ::=

State 31:
          aritexpr ::= aritexpr SUMA * term
          term ::= * term MUL factor
          term ::= * term DIV factor
          term ::= * term MOD factor
          term ::= * factor
          unary ::= * RESTA
          unary ::= * NEGAR
     (84) unary ::= *
          factor ::= * unary constant
          factor ::= * unary lvalue
          factor ::= * unary method_call
          factor ::= * unary OPENPAR condition CLOSEPAR

                         RESTA shift-reduce 82     unary ::= RESTA
                         NEGAR shift-reduce 83     unary ::= NEGAR
                          term shift        56     
                        factor shift-reduce 81     term ::= factor
                         unary shift        28     
                     {default} reduce       84     unary ::=

State 32:
          field_decl ::= * field_decl decl SEMICOLON
          field_decl ::= * decl SEMICOLON
      (3) field_decl ::= *
          decl ::= * type list_decl
          type ::= * KWINT
          type ::= * KWBOOL
          block ::= OPENCUR * field_decl statements CLOSECUR

                         KWINT shift-reduce 9      type ::= KWINT
                         KWINT reduce       3       ** Parsing conflict **
                        KWBOOL shift-reduce 10     type ::= KWBOOL
                        KWBOOL reduce       3       ** Parsing conflict **
                    field_decl shift        1      
                          decl shift        75     
                          type shift        51     
                     {default} reduce       3      field_decl ::=

State 33:
          program ::= KWCLASS ID OPENCUR * field_decl methods_field CLOSECUR
          field_decl ::= * field_decl decl SEMICOLON
          field_decl ::= * decl SEMICOLON
      (3) field_decl ::= *
          decl ::= * type list_decl
          type ::= * KWINT
          type ::= * KWBOOL

                         KWINT shift-reduce 9      type ::= KWINT
                         KWINT reduce       3       ** Parsing conflict **
                        KWBOOL shift-reduce 10     type ::= KWBOOL
                        KWBOOL reduce       3       ** Parsing conflict **
                    field_decl shift        24     
                          decl shift        75     
                          type shift        51     
                     {default} reduce       3      field_decl ::=

State 34:
          assign ::= * lvalue OPASSIGN condition
          for_st ::= KWFOR OPENPAR list_asignings SEMICOLON condition SEMICOLON * list_asignings CLOSEPAR block
          list_asignings ::= * list_asignings COMMA assign
          list_asignings ::= * assign
          lvalue ::= * ID
          lvalue ::= * ID OPENBRA condition CLOSEBRA

                            ID shift        76     
                        assign shift-reduce 50     list_asignings ::= assign
                        lvalue shift        83     
                list_asignings shift        57     

State 35:
          assign ::= * lvalue OPASSIGN condition
          for_st ::= KWFOR OPENPAR * list_asignings SEMICOLON condition SEMICOLON list_asignings CLOSEPAR block
          list_asignings ::= * list_asignings COMMA assign
          list_asignings ::= * assign
          lvalue ::= * ID
          lvalue ::= * ID OPENBRA condition CLOSEBRA

                            ID shift        76     
                        assign shift-reduce 50     list_asignings ::= assign
                        lvalue shift        83     
                list_asignings shift        58     

State 36:
          term ::= term MOD * factor
          unary ::= * RESTA
          unary ::= * NEGAR
     (84) unary ::= *
          factor ::= * unary constant
          factor ::= * unary lvalue
          factor ::= * unary method_call
          factor ::= * unary OPENPAR condition CLOSEPAR

                         RESTA shift-reduce 82     unary ::= RESTA
                         NEGAR shift-reduce 83     unary ::= NEGAR
                        factor shift-reduce 80     term ::= term MOD factor
                         unary shift        28     
                     {default} reduce       84     unary ::=

State 37:
          term ::= term DIV * factor
          unary ::= * RESTA
          unary ::= * NEGAR
     (84) unary ::= *
          factor ::= * unary constant
          factor ::= * unary lvalue
          factor ::= * unary method_call
          factor ::= * unary OPENPAR condition CLOSEPAR

                         RESTA shift-reduce 82     unary ::= RESTA
                         NEGAR shift-reduce 83     unary ::= NEGAR
                        factor shift-reduce 79     term ::= term DIV factor
                         unary shift        28     
                     {default} reduce       84     unary ::=

State 38:
          term ::= term MUL * factor
          unary ::= * RESTA
          unary ::= * NEGAR
     (84) unary ::= *
          factor ::= * unary constant
          factor ::= * unary lvalue
          factor ::= * unary method_call
          factor ::= * unary OPENPAR condition CLOSEPAR

                         RESTA shift-reduce 82     unary ::= RESTA
                         NEGAR shift-reduce 83     unary ::= NEGAR
                        factor shift-reduce 78     term ::= term MUL factor
                         unary shift        28     
                     {default} reduce       84     unary ::=

State 39:
          type ::= * KWINT
          type ::= * KWBOOL
          sub_program ::= method_type ID OPENPAR * params CLOSEPAR block
          params ::= * params COMMA type ID
          params ::= * type ID
     (24) params ::= *

                         KWINT shift-reduce 9      type ::= KWINT
                        KWBOOL shift-reduce 10     type ::= KWBOOL
                          type shift        73     
                        params shift        72     
                     {default} reduce       24     params ::=

State 40:
          assign ::= * lvalue OPASSIGN condition
          list_asignings ::= list_asignings COMMA * assign
          lvalue ::= * ID
          lvalue ::= * ID OPENBRA condition CLOSEBRA

                            ID shift        76     
                        assign shift-reduce 49     list_asignings ::= list_asignings COMMA assign
                        lvalue shift        83     

State 41:
          init ::= OPASSIGN * constant
          constant ::= * NUMBER
          constant ::= * KWTRUE
          constant ::= * KWFALSE

                        NUMBER shift-reduce 13     constant ::= NUMBER
                        KWTRUE shift-reduce 14     constant ::= KWTRUE
                       KWFALSE shift-reduce 15     constant ::= KWFALSE
                      constant shift-reduce 11     init ::= OPASSIGN constant

State 42:
          type ::= * KWINT
          type ::= * KWBOOL
          params ::= params COMMA * type ID

                         KWINT shift-reduce 9      type ::= KWINT
                        KWBOOL shift-reduce 10     type ::= KWBOOL
                          type shift        74     

State 43:
          list_decl ::= ID * OPENBRA NUMBER CLOSEBRA
          list_decl ::= ID * init
          init ::= * OPASSIGN constant
     (12) init ::= *

                       OPENBRA shift        101    
                      OPASSIGN shift        41     
                          init shift-reduce 8      list_decl ::= ID init
                     {default} reduce       12     init ::=

State 44:
          list_decl ::= list_decl COMMA ID * OPENBRA NUMBER CLOSEBRA
          list_decl ::= list_decl COMMA ID * init
          init ::= * OPASSIGN constant
     (12) init ::= *

                       OPENBRA shift        103    
                      OPASSIGN shift        41     
                          init shift-reduce 6      list_decl ::= list_decl COMMA ID init
                     {default} reduce       12     init ::=

State 45:
          decl ::= type * list_decl
          list_decl ::= * list_decl COMMA ID OPENBRA NUMBER CLOSEBRA
          list_decl ::= * list_decl COMMA ID init
          list_decl ::= * ID OPENBRA NUMBER CLOSEBRA
          list_decl ::= * ID init
     (20) method_type ::= type *

                            ID shift        43     
                            ID reduce       20      ** Parsing conflict **
                     list_decl shift        105    

State 46:
          block ::= * OPENCUR field_decl statements CLOSECUR
          for_st ::= KWFOR OPENPAR list_asignings SEMICOLON condition SEMICOLON list_asignings CLOSEPAR * block

                       OPENCUR shift        32     
                         block shift-reduce 48     for_st ::= KWFOR OPENPAR list_asignings SEMICOLON condition SEMICOLON list_asignings CLOSEPAR block

State 47:
          block ::= * OPENCUR field_decl statements CLOSECUR
          while ::= KWWHILE OPENPAR condition CLOSEPAR * block

                       OPENCUR shift        32     
                         block shift-reduce 47     while ::= KWWHILE OPENPAR condition CLOSEPAR block

State 48:
          block ::= * OPENCUR field_decl statements CLOSECUR
          opt_else ::= KWELSE * block

                       OPENCUR shift        32     
                         block shift-reduce 45     opt_else ::= KWELSE block

State 49:
          if_st ::= KWIF OPENPAR condition CLOSEPAR block * opt_else
          opt_else ::= * KWELSE block
     (46) opt_else ::= *

                        KWELSE shift        48     
                      opt_else shift-reduce 44     if_st ::= KWIF OPENPAR condition CLOSEPAR block opt_else
                     {default} reduce       46     opt_else ::=

State 50:
          block ::= * OPENCUR field_decl statements CLOSECUR
          if_st ::= KWIF OPENPAR condition CLOSEPAR * block opt_else

                       OPENCUR shift        32     
                         block shift        49     

State 51:
          decl ::= type * list_decl
          list_decl ::= * list_decl COMMA ID OPENBRA NUMBER CLOSEBRA
          list_decl ::= * list_decl COMMA ID init
          list_decl ::= * ID OPENBRA NUMBER CLOSEBRA
          list_decl ::= * ID init

                            ID shift        43     
                     list_decl shift        105    

State 52:
          sub_program ::= method_type ID OPENPAR params CLOSEPAR * block
          block ::= * OPENCUR field_decl statements CLOSECUR

                       OPENCUR shift        32     
                         block shift-reduce 19     sub_program ::= method_type ID OPENPAR params CLOSEPAR block

State 53:
          logic_expr ::= bitwise * MAYOR bitwise
          logic_expr ::= bitwise * MENOR bitwise
          logic_expr ::= bitwise * MAYORIGUAL bitwise
          logic_expr ::= bitwise * MENORIGUAL bitwise
          logic_expr ::= bitwise * IGUAL bitwise
          logic_expr ::= bitwise * DISTINTO bitwise
     (69) logic_expr ::= bitwise *
          bitwise ::= bitwise * SHL mod
          bitwise ::= bitwise * SHR mod

                         MAYOR shift        23     
                         MENOR shift        22     
                    MAYORIGUAL shift        21     
                    MENORIGUAL shift        20     
                         IGUAL shift        19     
                      DISTINTO shift        18     
                           SHL shift        26     
                           SHR shift        25     
                     {default} reduce       69     logic_expr ::= bitwise

State 54:
     (77) aritexpr ::= term *
          term ::= term * MUL factor
          term ::= term * DIV factor
          term ::= term * MOD factor

                           MOD shift        36     
                           MOD reduce       77      ** Parsing conflict **
                           MUL shift        38     
                           DIV shift        37     
                     {default} reduce       77     aritexpr ::= term

State 55:
     (76) aritexpr ::= aritexpr RESTA term *
          term ::= term * MUL factor
          term ::= term * DIV factor
          term ::= term * MOD factor

                           MOD shift        36     
                           MOD reduce       76      ** Parsing conflict **
                           MUL shift        38     
                           DIV shift        37     
                     {default} reduce       76     aritexpr ::= aritexpr RESTA term

State 56:
     (75) aritexpr ::= aritexpr SUMA term *
          term ::= term * MUL factor
          term ::= term * DIV factor
          term ::= term * MOD factor

                           MOD shift        36     
                           MOD reduce       75      ** Parsing conflict **
                           MUL shift        38     
                           DIV shift        37     
                     {default} reduce       75     aritexpr ::= aritexpr SUMA term

State 57:
          for_st ::= KWFOR OPENPAR list_asignings SEMICOLON condition SEMICOLON list_asignings * CLOSEPAR block
          list_asignings ::= list_asignings * COMMA assign

                         COMMA shift        40     
                      CLOSEPAR shift        46     

State 58:
          for_st ::= KWFOR OPENPAR list_asignings * SEMICOLON condition SEMICOLON list_asignings CLOSEPAR block
          list_asignings ::= list_asignings * COMMA assign

                     SEMICOLON shift        7      
                         COMMA shift        40     

State 59:
     (68) logic_expr ::= bitwise DISTINTO bitwise *
          bitwise ::= bitwise * SHL mod
          bitwise ::= bitwise * SHR mod

                           SHL shift        26     
                           SHR shift        25     
                     {default} reduce       68     logic_expr ::= bitwise DISTINTO bitwise

State 60:
     (67) logic_expr ::= bitwise IGUAL bitwise *
          bitwise ::= bitwise * SHL mod
          bitwise ::= bitwise * SHR mod

                           SHL shift        26     
                           SHR shift        25     
                     {default} reduce       67     logic_expr ::= bitwise IGUAL bitwise

State 61:
     (66) logic_expr ::= bitwise MENORIGUAL bitwise *
          bitwise ::= bitwise * SHL mod
          bitwise ::= bitwise * SHR mod

                           SHL shift        26     
                           SHR shift        25     
                     {default} reduce       66     logic_expr ::= bitwise MENORIGUAL bitwise

State 62:
     (65) logic_expr ::= bitwise MAYORIGUAL bitwise *
          bitwise ::= bitwise * SHL mod
          bitwise ::= bitwise * SHR mod

                           SHL shift        26     
                           SHR shift        25     
                     {default} reduce       65     logic_expr ::= bitwise MAYORIGUAL bitwise

State 63:
     (64) logic_expr ::= bitwise MENOR bitwise *
          bitwise ::= bitwise * SHL mod
          bitwise ::= bitwise * SHR mod

                           SHL shift        26     
                           SHR shift        25     
                     {default} reduce       64     logic_expr ::= bitwise MENOR bitwise

State 64:
          method_call ::= SOPLN OPENPAR arguments * CLOSEPAR
          arguments ::= arguments * COMMA argument

                         COMMA shift        5      
                      CLOSEPAR shift-reduce 41     method_call ::= SOPLN OPENPAR arguments CLOSEPAR

State 65:
          method_call ::= SOP OPENPAR arguments * CLOSEPAR
          arguments ::= arguments * COMMA argument

                         COMMA shift        5      
                      CLOSEPAR shift-reduce 40     method_call ::= SOP OPENPAR arguments CLOSEPAR

State 66:
     (74) mod ::= aritexpr *
          aritexpr ::= aritexpr * SUMA term
          aritexpr ::= aritexpr * RESTA term

                          SUMA shift        31     
                         RESTA shift        30     
                     {default} reduce       74     mod ::= aritexpr

State 67:
          method_call ::= ID OPENPAR exprs_list * CLOSEPAR
          exprs_list ::= exprs_list * COMMA condition

                         COMMA shift        14     
                      CLOSEPAR shift-reduce 39     method_call ::= ID OPENPAR exprs_list CLOSEPAR

State 68:
          method_call ::= ID * OPENPAR exprs_list CLOSEPAR
     (58) lvalue ::= ID *
          lvalue ::= ID * OPENBRA condition CLOSEBRA

                       OPENBRA shift        13     
                       OPENPAR shift        4      
                     {default} reduce       58     lvalue ::= ID

State 69:
     (73) mod ::= mod MOD aritexpr *
          aritexpr ::= aritexpr * SUMA term
          aritexpr ::= aritexpr * RESTA term

                          SUMA shift        31     
                         RESTA shift        30     
                     {default} reduce       73     mod ::= mod MOD aritexpr

State 70:
     (63) logic_expr ::= bitwise MAYOR bitwise *
          bitwise ::= bitwise * SHL mod
          bitwise ::= bitwise * SHR mod

                           SHL shift        26     
                           SHR shift        25     
                     {default} reduce       63     logic_expr ::= bitwise MAYOR bitwise

State 71:
     (60) condition ::= logic_expr *
          condition ::= logic_expr * AND logic_expr
          condition ::= logic_expr * OR logic_expr

                           AND shift        17     
                            OR shift        16     
                     {default} reduce       60     condition ::= logic_expr

State 72:
          sub_program ::= method_type ID OPENPAR params * CLOSEPAR block
          params ::= params * COMMA type ID

                         COMMA shift        42     
                      CLOSEPAR shift        52     

State 73:
          params ::= type * ID

                            ID shift-reduce 23     params ::= type ID

State 74:
          params ::= params COMMA type * ID

                            ID shift-reduce 22     params ::= params COMMA type ID

State 75:
          field_decl ::= decl * SEMICOLON

                     SEMICOLON shift-reduce 2      field_decl ::= decl SEMICOLON

State 76:
     (58) lvalue ::= ID *
          lvalue ::= ID * OPENBRA condition CLOSEBRA

                       OPENBRA shift        13     
                     {default} reduce       58     lvalue ::= ID

State 77:
          for_st ::= KWFOR OPENPAR list_asignings SEMICOLON condition * SEMICOLON list_asignings CLOSEPAR block

                     SEMICOLON shift        34     

State 78:
          for_st ::= KWFOR * OPENPAR list_asignings SEMICOLON condition SEMICOLON list_asignings CLOSEPAR block

                       OPENPAR shift        35     

State 79:
          while ::= KWWHILE OPENPAR condition * CLOSEPAR block

                      CLOSEPAR shift        47     

State 80:
          while ::= KWWHILE * OPENPAR condition CLOSEPAR block

                       OPENPAR shift        8      

State 81:
          if_st ::= KWIF OPENPAR condition * CLOSEPAR block opt_else

                      CLOSEPAR shift        50     

State 82:
          if_st ::= KWIF * OPENPAR condition CLOSEPAR block opt_else

                       OPENPAR shift        9      

State 83:
          assign ::= lvalue * OPASSIGN condition

                      OPASSIGN shift        10     

State 84:
          statement ::= KWCONTINUE * SEMICOLON

                     SEMICOLON shift-reduce 36     statement ::= KWCONTINUE SEMICOLON

State 85:
          statement ::= KWBREAK * SEMICOLON

                     SEMICOLON shift-reduce 35     statement ::= KWBREAK SEMICOLON

State 86:
     (71) bitwise ::= bitwise SHR mod *
          mod ::= mod * MOD aritexpr

                           MOD shift        27     
                     {default} reduce       71     bitwise ::= bitwise SHR mod

State 87:
          factor ::= unary OPENPAR condition * CLOSEPAR

                      CLOSEPAR shift-reduce 88     factor ::= unary OPENPAR condition CLOSEPAR

State 88:
          method_call ::= RANDOM OPENPAR condition * CLOSEPAR

                      CLOSEPAR shift-reduce 43     method_call ::= RANDOM OPENPAR condition CLOSEPAR

State 89:
          method_call ::= RANDOM * OPENPAR condition CLOSEPAR

                       OPENPAR shift        12     

State 90:
          method_call ::= SOR OPENPAR * CLOSEPAR

                      CLOSEPAR shift-reduce 42     method_call ::= SOR OPENPAR CLOSEPAR

State 91:
          method_call ::= SOR * OPENPAR CLOSEPAR

                       OPENPAR shift        90     

State 92:
          method_call ::= SOPLN * OPENPAR arguments CLOSEPAR

                       OPENPAR shift        2      

State 93:
          method_call ::= SOP * OPENPAR arguments CLOSEPAR

                       OPENPAR shift        3      

State 94:
          lvalue ::= ID OPENBRA condition * CLOSEBRA

                      CLOSEBRA shift-reduce 59     lvalue ::= ID OPENBRA condition CLOSEBRA

State 95:
     (72) bitwise ::= mod *
          mod ::= mod * MOD aritexpr

                           MOD shift        27     
                     {default} reduce       72     bitwise ::= mod

State 96:
     (70) bitwise ::= bitwise SHL mod *
          mod ::= mod * MOD aritexpr

                           MOD shift        27     
                     {default} reduce       70     bitwise ::= bitwise SHL mod

State 97:
          statement ::= KWRETURN condition * SEMICOLON

                     SEMICOLON shift-reduce 33     statement ::= KWRETURN condition SEMICOLON

State 98:
          statement ::= method_call * SEMICOLON

                     SEMICOLON shift-reduce 30     statement ::= method_call SEMICOLON

State 99:
          statement ::= assign * SEMICOLON

                     SEMICOLON shift-reduce 29     statement ::= assign SEMICOLON

State 100:
          list_decl ::= ID OPENBRA NUMBER * CLOSEBRA

                      CLOSEBRA shift-reduce 7      list_decl ::= ID OPENBRA NUMBER CLOSEBRA

State 101:
          list_decl ::= ID OPENBRA * NUMBER CLOSEBRA

                        NUMBER shift        100    

State 102:
          list_decl ::= list_decl COMMA ID OPENBRA NUMBER * CLOSEBRA

                      CLOSEBRA shift-reduce 5      list_decl ::= list_decl COMMA ID OPENBRA NUMBER CLOSEBRA

State 103:
          list_decl ::= list_decl COMMA ID OPENBRA * NUMBER CLOSEBRA

                        NUMBER shift        102    

State 104:
          list_decl ::= list_decl COMMA * ID OPENBRA NUMBER CLOSEBRA
          list_decl ::= list_decl COMMA * ID init

                            ID shift        44     

State 105:
      (4) decl ::= type list_decl *
          list_decl ::= list_decl * COMMA ID OPENBRA NUMBER CLOSEBRA
          list_decl ::= list_decl * COMMA ID init

                         COMMA shift        104    
                     {default} reduce       4      decl ::= type list_decl

State 106:
          field_decl ::= field_decl decl * SEMICOLON

                     SEMICOLON shift-reduce 1      field_decl ::= field_decl decl SEMICOLON

State 107:
          sub_program ::= method_type ID * OPENPAR params CLOSEPAR block

                       OPENPAR shift        39     

State 108:
          sub_program ::= method_type * ID OPENPAR params CLOSEPAR block

                            ID shift        107    

State 109:
      (0) program ::= KWCLASS ID OPENCUR field_decl methods_field CLOSECUR *

                             $ reduce       0      program ::= KWCLASS ID OPENCUR field_decl methods_field CLOSECUR

State 110:
          program ::= KWCLASS ID * OPENCUR field_decl methods_field CLOSECUR

                       OPENCUR shift        33     

State 111:
          program ::= KWCLASS * ID OPENCUR field_decl methods_field CLOSECUR

                            ID shift        110    

----------------------------------------------------
Symbols:
    0: $:
    1: KWCLASS
    2: ID
    3: OPENCUR
    4: CLOSECUR
    5: SEMICOLON
    6: COMMA
    7: OPENBRA
    8: NUMBER
    9: CLOSEBRA
   10: KWINT
   11: KWBOOL
   12: OPASSIGN
   13: KWTRUE
   14: KWFALSE
   15: OPENPAR
   16: CLOSEPAR
   17: KWVOID
   18: KWRETURN
   19: KWBREAK
   20: KWCONTINUE
   21: SOP
   22: SOPLN
   23: SOR
   24: RANDOM
   25: KWIF
   26: KWELSE
   27: KWWHILE
   28: KWFOR
   29: STRLIT
   30: AND
   31: OR
   32: MAYOR
   33: MENOR
   34: MAYORIGUAL
   35: MENORIGUAL
   36: IGUAL
   37: DISTINTO
   38: SHL
   39: SHR
   40: MOD
   41: SUMA
   42: RESTA
   43: MUL
   44: DIV
   45: NEGAR
   46: error:
   47: program: KWCLASS
   48: field_decl: <lambda> KWINT KWBOOL
   49: methods_field: <lambda> KWINT KWBOOL KWVOID
   50: decl: KWINT KWBOOL
   51: type: KWINT KWBOOL
   52: list_decl: ID
   53: init: <lambda> OPASSIGN
   54: constant: NUMBER KWTRUE KWFALSE
   55: sub_program: KWINT KWBOOL KWVOID
   56: method_type: KWINT KWBOOL KWVOID
   57: params: <lambda> COMMA KWINT KWBOOL
   58: block: OPENCUR
   59: statements: <lambda> ID KWRETURN KWBREAK KWCONTINUE SOP SOPLN SOR RANDOM KWIF KWWHILE KWFOR
   60: statement: ID KWRETURN KWBREAK KWCONTINUE SOP SOPLN SOR RANDOM KWIF KWWHILE KWFOR
   61: assign: ID
   62: method_call: ID SOP SOPLN SOR RANDOM
   63: if_st: KWIF
   64: while: KWWHILE
   65: condition: ID NUMBER KWTRUE KWFALSE OPENPAR SOP SOPLN SOR RANDOM RESTA NEGAR
   66: for_st: KWFOR
   67: lvalue: ID
   68: exprs_list: <lambda> ID COMMA NUMBER KWTRUE KWFALSE OPENPAR SOP SOPLN SOR RANDOM RESTA NEGAR
   69: arguments: ID NUMBER KWTRUE KWFALSE OPENPAR SOP SOPLN SOR RANDOM STRLIT RESTA NEGAR
   70: opt_else: <lambda> KWELSE
   71: list_asignings: ID
   72: argument: ID NUMBER KWTRUE KWFALSE OPENPAR SOP SOPLN SOR RANDOM STRLIT RESTA NEGAR
   73: logic_expr: ID NUMBER KWTRUE KWFALSE OPENPAR SOP SOPLN SOR RANDOM RESTA NEGAR
   74: bitwise: ID NUMBER KWTRUE KWFALSE OPENPAR SOP SOPLN SOR RANDOM RESTA NEGAR
   75: mod: ID NUMBER KWTRUE KWFALSE OPENPAR SOP SOPLN SOR RANDOM RESTA NEGAR
   76: aritexpr: ID NUMBER KWTRUE KWFALSE OPENPAR SOP SOPLN SOR RANDOM RESTA NEGAR
   77: term: ID NUMBER KWTRUE KWFALSE OPENPAR SOP SOPLN SOR RANDOM RESTA NEGAR
   78: factor: ID NUMBER KWTRUE KWFALSE OPENPAR SOP SOPLN SOR RANDOM RESTA NEGAR
   79: unary: <lambda> RESTA NEGAR
